2018-07-26 17:12:02,307 [Worker-2] INFO  o.e.m.c.i.i.nexus.NexusIndexManager - Updating index for repository: nexus|http://maven.aliyun.com/nexus/content/groups/public
2018-07-26 17:12:17,688 [Worker-2] ERROR o.e.m.c.i.i.nexus.NexusIndexManager - Unable to update index for nexus|http://maven.aliyun.com/nexus/content/groups/public
java.io.IOException: Connect times out
	at org.eclipse.m2e.core.internal.index.nexus.AsyncFetcher$PipedErrorInputStream.checkError(AsyncFetcher.java:253) ~[org.eclipse.m2e.core_1.0.0.me201110301321.jar:na]
	at org.eclipse.m2e.core.internal.index.nexus.AsyncFetcher$PipedErrorInputStream.read(AsyncFetcher.java:259) ~[org.eclipse.m2e.core_1.0.0.me201110301321.jar:na]
	at java.io.PipedInputStream.read(PipedInputStream.java:361) ~[na:1.6.0_65]
	at java.io.InputStream.read(InputStream.java:82) ~[na:1.6.0_65]
	at java.util.Properties$LineReader.readLine(Properties.java:418) ~[na:1.6.0_65]
	at java.util.Properties.load0(Properties.java:337) ~[na:1.6.0_65]
	at java.util.Properties.load(Properties.java:325) ~[na:1.6.0_65]
	at org.apache.maven.index.updater.DefaultIndexUpdater.downloadIndexProperties(DefaultIndexUpdater.java:457) ~[indexer-core-3.1.0.jar:3.1.0]
	at org.apache.maven.index.updater.DefaultIndexUpdater.access$100(DefaultIndexUpdater.java:75) ~[indexer-core-3.1.0.jar:3.1.0]
	at org.apache.maven.index.updater.DefaultIndexUpdater$IndexAdaptor.setProperties(DefaultIndexUpdater.java:607) ~[indexer-core-3.1.0.jar:3.1.0]
	at org.apache.maven.index.updater.DefaultIndexUpdater.fetchAndUpdateIndex(DefaultIndexUpdater.java:788) ~[indexer-core-3.1.0.jar:3.1.0]
	at org.apache.maven.index.updater.DefaultIndexUpdater.fetchAndUpdateIndex(DefaultIndexUpdater.java:135) ~[indexer-core-3.1.0.jar:3.1.0]
	at org.eclipse.m2e.core.internal.index.nexus.NexusIndexManager.updateRemoteIndex(NexusIndexManager.java:1126) [org.eclipse.m2e.core_1.0.0.me201110301321.jar:na]
	at org.eclipse.m2e.core.internal.index.nexus.NexusIndexManager.updateIndex(NexusIndexManager.java:1083) [org.eclipse.m2e.core_1.0.0.me201110301321.jar:na]
	at org.eclipse.m2e.core.internal.index.nexus.NexusIndexManager$1.run(NexusIndexManager.java:660) [org.eclipse.m2e.core_1.0.0.me201110301321.jar:na]
	at org.eclipse.m2e.core.internal.index.nexus.IndexUpdaterJob.run(IndexUpdaterJob.java:71) [org.eclipse.m2e.core_1.0.0.me201110301321.jar:na]
	at org.eclipse.core.internal.jobs.Worker.run(Worker.java:54) [org.eclipse.core.jobs_3.5.100.v20110404.jar:na]
Caused by: java.net.ConnectException: Connect times out
	at com.ning.http.client.providers.netty.NettyAsyncHttpProvider.doConnect(NettyAsyncHttpProvider.java:853) ~[async-http-client-1.6.3.jar:na]
	at com.ning.http.client.providers.netty.NettyAsyncHttpProvider.execute(NettyAsyncHttpProvider.java:731) ~[async-http-client-1.6.3.jar:na]
	at com.ning.http.client.AsyncHttpClient.executeRequest(AsyncHttpClient.java:484) ~[async-http-client-1.6.3.jar:na]
	at com.ning.http.client.SimpleAsyncHttpClient.execute(SimpleAsyncHttpClient.java:285) ~[async-http-client-1.6.3.jar:na]
	at com.ning.http.client.SimpleAsyncHttpClient.get(SimpleAsyncHttpClient.java:202) ~[async-http-client-1.6.3.jar:na]
	at org.eclipse.m2e.core.internal.index.nexus.AsyncFetcher.retrieve(AsyncFetcher.java:205) ~[org.eclipse.m2e.core_1.0.0.me201110301321.jar:na]
	at org.apache.maven.index.updater.DefaultIndexUpdater.downloadIndexProperties(DefaultIndexUpdater.java:452) ~[indexer-core-3.1.0.jar:3.1.0]
	... 9 common frames omitted
2018-07-26 17:13:02,546 [ModalContext] ERROR o.e.m.i.d.MavenDiscoveryService - Status ERROR: org.eclipse.equinox.p2.discovery code=0 Failed to discover all connectors. null children=[Status ERROR: org.eclipse.equinox.p2.discovery code=0 M2ERemoteBundleDiscoveryStrategy failed with an error org.eclipse.equinox.p2.core.ProvisionException: Unable to read repository at http://download.eclipse.org/technology/m2e/discovery/directory.xml.]
2018-07-26 17:13:08,139 [main] INFO  o.e.m.c.u.i.w.MavenImportWizard - Update started
2018-07-26 17:13:09,728 [Worker-8] INFO  o.e.m.c.i.l.LifecycleMappingFactory - Using org.eclipse.m2e.jdt.JarLifecycleMapping lifecycle mapping for MavenProject: com.zook:zook-util:1.0-SNAPSHOT @ /Users/zhubinbin/old project/zook/zook-util/pom.xml.
2018-07-26 17:13:14,503 [Worker-8] INFO  o.e.m.c.i.l.LifecycleMappingFactory - Using org.maven.ide.eclipse.wtp.WarLifecycleMapping lifecycle mapping for MavenProject: com.zook:zook-web:1.0-SNAPSHOT @ /Users/zhubinbin/old project/zook/zook-web/pom.xml.
2018-07-26 17:13:14,564 [Worker-8] INFO  o.e.m.c.i.l.LifecycleMappingFactory - Using org.eclipse.m2e.jdt.JarLifecycleMapping lifecycle mapping for MavenProject: com.zook:zook-test:1.0-SNAPSHOT @ /Users/zhubinbin/old project/zook/zook-test/pom.xml.
2018-07-26 17:13:14,575 [Worker-8] INFO  o.e.m.c.i.l.LifecycleMappingFactory - Using org.eclipse.m2e.jdt.JarLifecycleMapping lifecycle mapping for MavenProject: com.zook:zook-integration:1.0-SNAPSHOT @ /Users/zhubinbin/old project/zook/zook-integration/pom.xml.
2018-07-26 17:13:14,589 [Worker-8] INFO  o.e.m.c.i.l.LifecycleMappingFactory - Using org.eclipse.m2e.jdt.JarLifecycleMapping lifecycle mapping for MavenProject: com.zook:zook-core:1.0-SNAPSHOT @ /Users/zhubinbin/old project/zook/zook-core/pom.xml.
2018-07-26 17:13:14,735 [Worker-8] INFO  o.e.m.c.i.l.LifecycleMappingFactory - Using org.eclipse.m2e.jdt.JarLifecycleMapping lifecycle mapping for MavenProject: com.zook:zook-persistence:1.0-SNAPSHOT @ /Users/zhubinbin/old project/zook/zook-persistence/pom.xml.
2018-07-26 17:13:14,749 [Worker-8] INFO  o.e.m.c.i.l.LifecycleMappingFactory - Using org.maven.ide.eclipse.wtp.WarLifecycleMapping lifecycle mapping for MavenProject: com.zook:zook-webdocs:1.0-SNAPSHOT @ /Users/zhubinbin/old project/zook/zook-webdocs/pom.xml.
2018-07-26 17:13:15,700 [Worker-8] WARN  o.e.m.j.i.AbstractJavaProjectConfigurator - Could not determine source level, using default 
2018-07-26 17:13:15,702 [Worker-8] WARN  o.e.m.j.i.AbstractJavaProjectConfigurator - Could not determine target level, using default 
2018-07-26 17:13:15,933 [Worker-8] INFO  o.e.m.j.i.AbstractJavaProjectConfigurator - Adding source folder /zook-integration/src/main/java
2018-07-26 17:13:15,936 [Worker-8] INFO  o.e.m.j.i.AbstractJavaProjectConfigurator - Adding resource folder /zook-integration/src/main/resources
2018-07-26 17:13:15,949 [Worker-8] INFO  o.e.m.j.i.AbstractJavaProjectConfigurator - Adding source folder /zook-integration/src/test/java
2018-07-26 17:14:33,343 [Worker-8] WARN  o.e.m.j.i.AbstractJavaProjectConfigurator - Could not determine source level, using default 
2018-07-26 17:14:33,348 [Worker-8] WARN  o.e.m.j.i.AbstractJavaProjectConfigurator - Could not determine target level, using default 
2018-07-26 17:14:33,356 [Worker-8] INFO  o.e.m.j.i.AbstractJavaProjectConfigurator - Adding source folder /zook-util/src/main/java
2018-07-26 17:14:33,358 [Worker-8] INFO  o.e.m.j.i.AbstractJavaProjectConfigurator - Adding resource folder /zook-util/src/main/resources
2018-07-26 17:14:33,361 [Worker-8] INFO  o.e.m.j.i.AbstractJavaProjectConfigurator - Adding source folder /zook-util/src/test/java
2018-07-26 17:14:33,420 [Worker-8] WARN  o.e.m.j.i.AbstractJavaProjectConfigurator - Could not determine source level, using default 
2018-07-26 17:14:33,422 [Worker-8] WARN  o.e.m.j.i.AbstractJavaProjectConfigurator - Could not determine target level, using default 
2018-07-26 17:14:33,428 [Worker-8] INFO  o.e.m.j.i.AbstractJavaProjectConfigurator - Adding source folder /zook-persistence/src/main/java
2018-07-26 17:14:33,430 [Worker-8] INFO  o.e.m.j.i.AbstractJavaProjectConfigurator - Adding resource folder /zook-persistence/src/main/resources
2018-07-26 17:14:33,432 [Worker-8] INFO  o.e.m.j.i.AbstractJavaProjectConfigurator - Adding source folder /zook-persistence/src/test/java
2018-07-26 17:14:33,497 [Worker-8] WARN  o.e.m.j.i.AbstractJavaProjectConfigurator - Could not determine source level, using default 
2018-07-26 17:14:33,500 [Worker-8] WARN  o.e.m.j.i.AbstractJavaProjectConfigurator - Could not determine target level, using default 
2018-07-26 17:14:33,508 [Worker-8] INFO  o.e.m.j.i.AbstractJavaProjectConfigurator - Adding source folder /zook-webdocs/src/main/java
2018-07-26 17:14:33,511 [Worker-8] INFO  o.e.m.j.i.AbstractJavaProjectConfigurator - Adding resource folder /zook-webdocs/src/main/resources
2018-07-26 17:14:33,515 [Worker-8] INFO  o.e.m.j.i.AbstractJavaProjectConfigurator - Adding source folder /zook-webdocs/src/test/java
2018-07-26 17:15:37,059 [Worker-8] WARN  o.e.m.j.i.AbstractJavaProjectConfigurator - Could not determine source level, using default 
2018-07-26 17:15:37,062 [Worker-8] WARN  o.e.m.j.i.AbstractJavaProjectConfigurator - Could not determine target level, using default 
2018-07-26 17:15:37,069 [Worker-8] INFO  o.e.m.j.i.AbstractJavaProjectConfigurator - Adding source folder /zook-core/src/main/java
2018-07-26 17:15:37,071 [Worker-8] INFO  o.e.m.j.i.AbstractJavaProjectConfigurator - Adding resource folder /zook-core/src/main/resources
2018-07-26 17:15:37,073 [Worker-8] INFO  o.e.m.j.i.AbstractJavaProjectConfigurator - Adding source folder /zook-core/src/test/java
2018-07-26 17:15:37,190 [Worker-8] WARN  o.e.m.j.i.AbstractJavaProjectConfigurator - Could not determine source level, using default 
2018-07-26 17:15:37,192 [Worker-8] WARN  o.e.m.j.i.AbstractJavaProjectConfigurator - Could not determine target level, using default 
2018-07-26 17:15:37,196 [Worker-8] INFO  o.e.m.j.i.AbstractJavaProjectConfigurator - Adding source folder /zook-test/src/main/java
2018-07-26 17:15:37,198 [Worker-8] INFO  o.e.m.j.i.AbstractJavaProjectConfigurator - Adding resource folder /zook-test/src/main/resources
2018-07-26 17:15:37,201 [Worker-8] INFO  o.e.m.j.i.AbstractJavaProjectConfigurator - Adding source folder /zook-test/src/test/java
2018-07-26 17:15:37,412 [Worker-8] ERROR o.m.i.e.wtp.WTPProjectConfigurator - Unable to configure zook-web
org.maven.ide.eclipse.wtp.MarkedException: Unable to configure zook-web
	at org.maven.ide.eclipse.wtp.AbstractProjectConfiguratorDelegate.configureProject(AbstractProjectConfiguratorDelegate.java:90) ~[na:na]
	at org.maven.ide.eclipse.wtp.WTPProjectConfigurator.configure(WTPProjectConfigurator.java:63) ~[na:na]
	at org.eclipse.m2e.core.project.configurator.AbstractLifecycleMapping.configure(AbstractLifecycleMapping.java:72) [org.eclipse.m2e.core_1.0.0.me201110301321.jar:na]
	at org.eclipse.m2e.core.internal.project.ProjectConfigurationManager.updateProjectConfiguration(ProjectConfigurationManager.java:316) [org.eclipse.m2e.core_1.0.0.me201110301321.jar:na]
	at org.eclipse.m2e.core.internal.project.ProjectConfigurationManager.configureNewMavenProject(ProjectConfigurationManager.java:255) [org.eclipse.m2e.core_1.0.0.me201110301321.jar:na]
	at org.eclipse.m2e.core.internal.project.ProjectConfigurationManager.importProjects(ProjectConfigurationManager.java:163) [org.eclipse.m2e.core_1.0.0.me201110301321.jar:na]
	at org.eclipse.m2e.core.ui.internal.wizards.MavenImportWizard$1.doCreateMavenProjects(MavenImportWizard.java:181) [org.eclipse.m2e.core.ui_1.0.0.me201110311918.jar:na]
	at org.eclipse.m2e.core.ui.internal.wizards.AbstractCreateMavenProjectsOperation.run(AbstractCreateMavenProjectsOperation.java:75) [org.eclipse.m2e.core.ui_1.0.0.me201110311918.jar:na]
	at org.eclipse.m2e.core.ui.internal.wizards.MavenImportWizard$3.runInWorkspace(MavenImportWizard.java:287) [org.eclipse.m2e.core.ui_1.0.0.me201110311918.jar:na]
	at org.eclipse.core.internal.resources.InternalWorkspaceJob.run(InternalWorkspaceJob.java:38) [org.eclipse.core.resources_3.7.100.v20110510-0712.jar:na]
	at org.eclipse.core.internal.jobs.Worker.run(Worker.java:54) [org.eclipse.core.jobs_3.5.100.v20110404.jar:na]
Caused by: org.eclipse.wst.common.project.facet.core.FacetedProjectFrameworkException: Failed while installing Dynamic Web Module 3.0.
	at org.eclipse.wst.common.project.facet.core.internal.FacetedProject.callDelegate(FacetedProject.java:1526) ~[na:na]
	at org.eclipse.wst.common.project.facet.core.internal.FacetedProject.modifyInternal(FacetedProject.java:442) ~[na:na]
	at org.eclipse.wst.common.project.facet.core.internal.FacetedProject.mergeChangesInternal(FacetedProject.java:1200) ~[na:na]
	at org.eclipse.wst.common.project.facet.core.internal.FacetedProject.access$2(FacetedProject.java:1136) ~[na:na]
	at org.eclipse.wst.common.project.facet.core.internal.FacetedProject$1.run(FacetedProject.java:325) ~[na:na]
	at org.eclipse.core.internal.resources.Workspace.run(Workspace.java:2344) ~[org.eclipse.core.resources_3.7.100.v20110510-0712.jar:na]
	at org.eclipse.wst.common.project.facet.core.internal.FacetedProject.modify(FacetedProject.java:340) ~[na:na]
	at org.maven.ide.eclipse.wtp.WebProjectConfiguratorDelegate.configure(WebProjectConfiguratorDelegate.java:175) ~[na:na]
	at org.maven.ide.eclipse.wtp.AbstractProjectConfiguratorDelegate.configureProject(AbstractProjectConfiguratorDelegate.java:86) ~[na:na]
	... 10 common frames omitted
Caused by: org.eclipse.jdt.core.JavaModelException: Cannot nest output folder 'zook-web/src/main/webapp/WEB-INF/classes' inside 'zook-web/src'
	at org.eclipse.jdt.internal.core.JavaModelOperation.runOperation(JavaModelOperation.java:784) ~[org.eclipse.jdt.core_3.7.0.v_B61.jar:na]
	at org.eclipse.jdt.internal.core.JavaProject.setRawClasspath(JavaProject.java:3078) ~[org.eclipse.jdt.core_3.7.0.v_B61.jar:na]
	at org.eclipse.jdt.internal.core.JavaProject.setRawClasspath(JavaProject.java:3040) ~[org.eclipse.jdt.core_3.7.0.v_B61.jar:na]
	at org.eclipse.jst.j2ee.web.project.facet.WebFacetInstallDelegate.execute(WebFacetInstallDelegate.java:151) ~[na:na]
	at org.eclipse.wst.common.project.facet.core.internal.FacetedProject.callDelegate(FacetedProject.java:1496) ~[na:na]
	... 18 common frames omitted
2018-07-26 17:15:37,470 [Worker-8] INFO  o.e.m.c.i.p.ProjectConfigurationManager - Project import completed 149 sec
2018-07-26 17:15:38,986 [Worker-10] INFO  o.e.m.c.i.l.LifecycleMappingFactory - Using org.maven.ide.eclipse.wtp.WarLifecycleMapping lifecycle mapping for MavenProject: com.zook:zook-webdocs:1.0-SNAPSHOT @ /Users/zhubinbin/old project/zook/zook-webdocs/pom.xml.
2018-07-26 17:15:40,446 [Worker-10] INFO  o.e.m.c.i.embedder.EclipseLogger - Using 'UTF-8' encoding to copy filtered resources.
2018-07-26 17:15:40,467 [Worker-10] INFO  o.e.m.c.i.embedder.EclipseLogger - Copying 0 resource
2018-07-26 17:15:40,471 [Worker-10] INFO  o.e.m.c.i.embedder.EclipseLogger - Using 'UTF-8' encoding to copy filtered resources.
2018-07-26 17:15:40,471 [Worker-10] INFO  o.e.m.c.i.embedder.EclipseLogger - skip non existing resourceDirectory /Users/zhubinbin/old project/zook/zook-webdocs/src/test/resources
2018-07-26 17:15:40,892 [Worker-10] INFO  o.e.m.c.i.l.LifecycleMappingFactory - Using org.eclipse.m2e.jdt.JarLifecycleMapping lifecycle mapping for MavenProject: com.zook:zook-integration:1.0-SNAPSHOT @ /Users/zhubinbin/old project/zook/zook-integration/pom.xml.
2018-07-26 17:15:41,023 [Worker-10] INFO  o.e.m.c.i.embedder.EclipseLogger - Using 'UTF-8' encoding to copy filtered resources.
2018-07-26 17:15:41,023 [Worker-10] INFO  o.e.m.c.i.embedder.EclipseLogger - Copying 0 resource
2018-07-26 17:15:41,028 [Worker-10] INFO  o.e.m.c.i.embedder.EclipseLogger - Using 'UTF-8' encoding to copy filtered resources.
2018-07-26 17:15:41,028 [Worker-10] INFO  o.e.m.c.i.embedder.EclipseLogger - skip non existing resourceDirectory /Users/zhubinbin/old project/zook/zook-integration/src/test/resources
2018-07-26 17:15:41,099 [Worker-10] INFO  o.e.m.c.i.l.LifecycleMappingFactory - Using org.eclipse.m2e.jdt.JarLifecycleMapping lifecycle mapping for MavenProject: com.zook:zook-test:1.0-SNAPSHOT @ /Users/zhubinbin/old project/zook/zook-test/pom.xml.
2018-07-26 17:15:41,325 [Worker-10] INFO  o.e.m.c.i.embedder.EclipseLogger - Using 'UTF-8' encoding to copy filtered resources.
2018-07-26 17:15:41,326 [Worker-10] INFO  o.e.m.c.i.embedder.EclipseLogger - Copying 0 resource
2018-07-26 17:15:41,328 [Worker-10] INFO  o.e.m.c.i.embedder.EclipseLogger - Using 'UTF-8' encoding to copy filtered resources.
2018-07-26 17:15:41,328 [Worker-10] INFO  o.e.m.c.i.embedder.EclipseLogger - skip non existing resourceDirectory /Users/zhubinbin/old project/zook/zook-test/src/test/resources
2018-07-26 17:15:41,438 [Worker-10] INFO  o.e.m.c.i.l.LifecycleMappingFactory - Using org.eclipse.m2e.jdt.JarLifecycleMapping lifecycle mapping for MavenProject: com.zook:zook-util:1.0-SNAPSHOT @ /Users/zhubinbin/old project/zook/zook-util/pom.xml.
2018-07-26 17:15:41,654 [Worker-10] INFO  o.e.m.c.i.embedder.EclipseLogger - Using 'UTF-8' encoding to copy filtered resources.
2018-07-26 17:15:41,655 [Worker-10] INFO  o.e.m.c.i.embedder.EclipseLogger - Copying 0 resource
2018-07-26 17:15:41,657 [Worker-10] INFO  o.e.m.c.i.embedder.EclipseLogger - Using 'UTF-8' encoding to copy filtered resources.
2018-07-26 17:15:41,657 [Worker-10] INFO  o.e.m.c.i.embedder.EclipseLogger - skip non existing resourceDirectory /Users/zhubinbin/old project/zook/zook-util/src/test/resources
2018-07-26 17:15:42,253 [Worker-10] INFO  o.e.m.c.i.l.LifecycleMappingFactory - Using org.eclipse.m2e.jdt.JarLifecycleMapping lifecycle mapping for MavenProject: com.zook:zook-persistence:1.0-SNAPSHOT @ /Users/zhubinbin/old project/zook/zook-persistence/pom.xml.
2018-07-26 17:15:42,903 [Worker-10] INFO  o.e.m.c.i.embedder.EclipseLogger - Using 'UTF-8' encoding to copy filtered resources.
2018-07-26 17:15:42,905 [Worker-10] INFO  o.e.m.c.i.embedder.EclipseLogger - Copying 0 resource
2018-07-26 17:15:42,908 [Worker-10] INFO  o.e.m.c.i.embedder.EclipseLogger - Using 'UTF-8' encoding to copy filtered resources.
2018-07-26 17:15:42,908 [Worker-10] INFO  o.e.m.c.i.embedder.EclipseLogger - skip non existing resourceDirectory /Users/zhubinbin/old project/zook/zook-persistence/src/test/resources
2018-07-26 17:15:43,437 [Worker-10] INFO  o.e.m.c.i.l.LifecycleMappingFactory - Using org.eclipse.m2e.jdt.JarLifecycleMapping lifecycle mapping for MavenProject: com.zook:zook-core:1.0-SNAPSHOT @ /Users/zhubinbin/old project/zook/zook-core/pom.xml.
2018-07-26 17:15:43,786 [Worker-10] INFO  o.e.m.c.i.embedder.EclipseLogger - Using 'UTF-8' encoding to copy filtered resources.
2018-07-26 17:15:43,788 [Worker-10] INFO  o.e.m.c.i.embedder.EclipseLogger - Copying 0 resource
2018-07-26 17:15:43,792 [Worker-10] INFO  o.e.m.c.i.embedder.EclipseLogger - Using 'UTF-8' encoding to copy filtered resources.
2018-07-26 17:15:43,792 [Worker-10] INFO  o.e.m.c.i.embedder.EclipseLogger - skip non existing resourceDirectory /Users/zhubinbin/old project/zook/zook-core/src/test/resources
2018-07-26 17:15:43,937 [Worker-10] INFO  o.e.m.c.i.l.LifecycleMappingFactory - Using org.maven.ide.eclipse.wtp.WarLifecycleMapping lifecycle mapping for MavenProject: com.zook:zook-web:1.0-SNAPSHOT @ /Users/zhubinbin/old project/zook/zook-web/pom.xml.
2018-07-26 17:15:45,533 [Worker-10] INFO  o.e.m.c.i.embedder.EclipseLogger - Using 'UTF-8' encoding to copy filtered resources.
2018-07-26 17:15:45,533 [Worker-10] INFO  o.e.m.c.i.embedder.EclipseLogger - skip non existing resourceDirectory /Users/zhubinbin/old project/zook/zook-web/src/main/resources
2018-07-26 17:15:45,538 [Worker-10] INFO  o.e.m.c.i.embedder.EclipseLogger - Using 'UTF-8' encoding to copy filtered resources.
2018-07-26 17:15:45,538 [Worker-10] INFO  o.e.m.c.i.embedder.EclipseLogger - skip non existing resourceDirectory /Users/zhubinbin/old project/zook/zook-web/src/test/resources
2018-07-26 17:15:45,616 [Worker-12] INFO  o.e.m.c.u.i.UpdateConfigurationJob - Update started
2018-07-26 17:15:45,617 [Worker-12] INFO  o.e.m.c.u.i.UpdateConfigurationJob - Update completed: 0 sec
